<?xml version="1.0" encoding="UTF-8"?>
<coverage generated="1626099106752" clover="3.2.0">
  <project timestamp="1626099106752" name="All files">
    <metrics statements="10" coveredstatements="6" conditionals="1" coveredconditionals="0" methods="3" coveredmethods="0" elements="14" coveredelements="6" complexity="0" loc="10" ncloc="10" packages="1" files="1" classes="1"/>
    <file name="functions.js" path="C:\Users\mukai\Documents\p_c\9_unit-test\task_another\functions.js">
      <metrics statements="10" coveredstatements="6" conditionals="1" coveredconditionals="0" methods="3" coveredmethods="0"/>
      <line num="1" count="1" type="stmt"/>
      <line num="2" count="1" type="cond" truecount="0" falsecount="1"/>
      <line num="3" count="1" type="stmt"/>
      <line num="4" count="0" type="stmt"/>
      <line num="5" count="0" type="stmt"/>
      <line num="6" count="1" type="stmt"/>
      <line num="7" count="1" type="stmt"/>
      <line num="8" count="0" type="stmt"/>
      <line num="9" count="0" type="stmt"/>
      <line num="10" count="1" type="stmt"/>
    </file>
  </project>
</coverage>
