<?xml version="1.0" encoding="UTF-8"?>
<coverage generated="1623606574412" clover="3.2.0">
  <project timestamp="1623606574412" name="All files">
    <metrics statements="16" coveredstatements="16" conditionals="7" coveredconditionals="7" methods="7" coveredmethods="7" elements="30" coveredelements="30" complexity="0" loc="16" ncloc="16" packages="1" files="1" classes="1"/>
    <file name="functions.ts" path="C:\Users\mukai\Documents\p_c\9_unit-test\task4_quiz\functions.ts">
      <metrics statements="16" coveredstatements="16" conditionals="7" coveredconditionals="7" methods="7" coveredmethods="7"/>
      <line num="1" count="1" type="stmt"/>
      <line num="6" count="25" type="stmt"/>
      <line num="7" count="17" type="cond" truecount="2" falsecount="0"/>
      <line num="12" count="1" type="stmt"/>
      <line num="13" count="13" type="stmt"/>
      <line num="17" count="13" type="cond" truecount="2" falsecount="0"/>
      <line num="18" count="11" type="stmt"/>
      <line num="19" count="223" type="stmt"/>
      <line num="22" count="2" type="stmt"/>
      <line num="32" count="1" type="stmt"/>
      <line num="33" count="3" type="stmt"/>
      <line num="35" count="3" type="cond" truecount="1" falsecount="0"/>
      <line num="37" count="3" type="stmt"/>
      <line num="39" count="3" type="cond" truecount="2" falsecount="0"/>
      <line num="40" count="1" type="stmt"/>
      <line num="43" count="2" type="stmt"/>
    </file>
  </project>
</coverage>
