{"C:\\Users\\mukai\\Documents\\p_c\\9_unit-test\\task4_quiz\\functions.ts": {"path":"C:\\Users\\mukai\\Documents\\p_c\\9_unit-test\\task4_quiz\\functions.ts","statementMap":{"0":{"start":{"line":1,"column":0},"end":{"line":1,"column":31}},"1":{"start":{"line":6,"column":33},"end":{"line":7,"column":9}},"2":{"start":{"line":6,"column":34},"end":{"line":6,"column":54}},"3":{"start":{"line":7,"column":2},"end":{"line":7,"column":53}},"4":{"start":{"line":7,"column":24},"end":{"line":7,"column":52}},"5":{"start":{"line":6,"column":13},"end":{"line":6,"column":33}},"6":{"start":{"line":12,"column":28},"end":{"line":26,"column":1}},"7":{"start":{"line":13,"column":28},"end":{"line":15,"column":67}},"8":{"start":{"line":17,"column":2},"end":{"line":25,"column":null}},"9":{"start":{"line":18,"column":4},"end":{"line":20,"column":6}},"10":{"start":{"line":19,"column":73},"end":{"line":19,"column":79}},"11":{"start":{"line":22,"column":4},"end":{"line":24,"column":6}},"12":{"start":{"line":12,"column":13},"end":{"line":12,"column":28}},"13":{"start":{"line":32,"column":42},"end":{"line":48,"column":2}},"14":{"start":{"line":33,"column":17},"end":{"line":48,"column":2}},"15":{"start":{"line":35,"column":15},"end":{"line":37,"column":null}},"16":{"start":{"line":37,"column":23},"end":{"line":37,"column":39}},"17":{"start":{"line":35,"column":8},"end":{"line":37,"column":null}},"18":{"start":{"line":39,"column":2},"end":{"line":41,"column":null}},"19":{"start":{"line":40,"column":4},"end":{"line":40,"column":34}},"20":{"start":{"line":43,"column":2},"end":{"line":47,"column":4}},"21":{"start":{"line":32,"column":13},"end":{"line":32,"column":42}}},"fnMap":{"0":{"name":"(anonymous_14)","decl":{"start":{"line":6,"column":33},"end":{"line":6,"column":34}},"loc":{"start":{"line":6,"column":33},"end":{"line":7,"column":9}}},"1":{"name":"(anonymous_15)","decl":{"start":{"line":7,"column":17},"end":{"line":7,"column":18}},"loc":{"start":{"line":7,"column":19},"end":{"line":7,"column":25}}},"2":{"name":"(anonymous_16)","decl":{"start":{"line":12,"column":28},"end":{"line":12,"column":29}},"loc":{"start":{"line":12,"column":45},"end":{"line":26,"column":1}}},"3":{"name":"(anonymous_17)","decl":{"start":{"line":19,"column":63},"end":{"line":19,"column":64}},"loc":{"start":{"line":19,"column":68},"end":{"line":19,"column":74}}},"4":{"name":"(anonymous_18)","decl":{"start":{"line":32,"column":42},"end":{"line":32,"column":null}},"loc":{"start":{"line":33,"column":17},"end":{"line":48,"column":2}}},"5":{"name":"(anonymous_19)","decl":{"start":{"line":33,"column":17},"end":{"line":33,"column":null}},"loc":{"start":{"line":33,"column":17},"end":{"line":48,"column":2}}},"6":{"name":"(anonymous_21)","decl":{"start":{"line":37,"column":9},"end":{"line":37,"column":10}},"loc":{"start":{"line":37,"column":18},"end":{"line":37,"column":31}}}},"branchMap":{"0":{"loc":{"start":{"line":7,"column":24},"end":{"line":7,"column":35}},"type":"binary-expr","locations":[{"start":{"line":7,"column":24},"end":{"line":7,"column":35}},{"start":{"line":7,"column":39},"end":{"line":7,"column":51}}]},"1":{"loc":{"start":{"line":17,"column":2},"end":{"line":25,"column":null}},"type":"if","locations":[{"start":{"line":17,"column":2},"end":{"line":25,"column":null}},{"start":{"line":17,"column":2},"end":{"line":25,"column":null}}]},"2":{"loc":{"start":{"line":35,"column":15},"end":{"line":37,"column":null}},"type":"switch","locations":[{"start":{"line":35,"column":15},"end":{"line":37,"column":null}}]},"3":{"loc":{"start":{"line":39,"column":2},"end":{"line":41,"column":null}},"type":"if","locations":[{"start":{"line":39,"column":2},"end":{"line":41,"column":null}},{"start":{"line":39,"column":2},"end":{"line":41,"column":null}}]}},"s":{"0":1,"1":1,"2":25,"3":4,"4":17,"5":1,"6":1,"7":13,"8":13,"9":11,"10":223,"11":2,"12":1,"13":1,"14":3,"15":3,"16":3,"17":3,"18":3,"19":1,"20":2,"21":1},"f":{"0":4,"1":17,"2":13,"3":223,"4":3,"5":3,"6":3},"b":{"0":[17,12],"1":[11,2],"2":[3],"3":[1,2]}}
}
