TN:
SF:functions.ts
FN:6,(anonymous_14)
FN:7,(anonymous_15)
FN:12,(anonymous_16)
FN:19,(anonymous_17)
FN:32,(anonymous_18)
FN:33,(anonymous_19)
FN:37,(anonymous_21)
FNF:7
FNH:7
FNDA:4,(anonymous_14)
FNDA:17,(anonymous_15)
FNDA:13,(anonymous_16)
FNDA:223,(anonymous_17)
FNDA:3,(anonymous_18)
FNDA:3,(anonymous_19)
FNDA:3,(anonymous_21)
DA:1,1
DA:6,25
DA:7,17
DA:12,1
DA:13,13
DA:17,13
DA:18,11
DA:19,223
DA:22,2
DA:32,1
DA:33,3
DA:35,3
DA:37,3
DA:39,3
DA:40,1
DA:43,2
LF:16
LH:16
BRDA:7,0,0,17
BRDA:7,0,1,12
BRDA:17,1,0,11
BRDA:17,1,1,2
BRDA:35,2,0,3
BRDA:39,3,0,1
BRDA:39,3,1,2
BRF:7
BRH:7
end_of_record
